<?xml version="1.0" encoding="UTF-8"?>
<!-- Generated by org.testng.reporters.JUnitXMLReporter -->
<testsuite ignored="8" hostname="DESKTOP-9N3PBG2" failures="2" tests="3" name="Test" time="121.878" errors="0" timestamp="2024-12-10T23:39:07 GMT-08:00">
  <testcase classname="Organisation.CreateCampgainTest" name="createCampaign" time="47.077">
    <failure type="java.lang.AssertionError" message="null">
      <![CDATA[java.lang.AssertionError: null
at Organisation.CreateCampgainTest.createCampaign(CreateCampgainTest.java:42)
at java.base/java.util.ArrayList.forEach(ArrayList.java:1597)
... Removed 27 stack frames]]>
    </failure>
  </testcase> <!-- createCampaign -->
  <testcase classname="Organisation.CreateProductTest" name="createProductTest" time="24.83"/>
  <testcase classname="Organisation.CreateOrganisationTest" name="createOrganizationTest" time="8.723">
    <failure type="java.lang.AssertionError" message="null">
      <![CDATA[java.lang.AssertionError: null
at Organisation.CreateOrganisationTest.createOrganizationTest(CreateOrganisationTest.java:38)
at java.base/java.util.ArrayList.forEach(ArrayList.java:1597)
... Removed 27 stack frames]]>
    </failure>
  </testcase> <!-- createOrganizationTest -->
  <testcase classname="Generic_Utilities.BaseClass" name="@BeforeSuite bs" time="0.0">
    <ignored/>
  </testcase> <!-- @BeforeSuite bs -->
  <testcase classname="Generic_Utilities.BaseClass" name="@BeforeSuite bs" time="0.0">
    <ignored/>
  </testcase> <!-- @BeforeSuite bs -->
  <testcase classname="Generic_Utilities.BaseClass" name="@BeforeTest bt" time="0.0">
    <ignored/>
  </testcase> <!-- @BeforeTest bt -->
  <testcase classname="Generic_Utilities.BaseClass" name="@BeforeTest bt" time="0.0">
    <ignored/>
  </testcase> <!-- @BeforeTest bt -->
  <testcase classname="Generic_Utilities.BaseClass" name="@AfterSuite as" time="0.0">
    <ignored/>
  </testcase> <!-- @AfterSuite as -->
  <testcase classname="Generic_Utilities.BaseClass" name="@AfterSuite as" time="0.0">
    <ignored/>
  </testcase> <!-- @AfterSuite as -->
  <testcase classname="Generic_Utilities.BaseClass" name="@AfterTest at" time="0.0">
    <ignored/>
  </testcase> <!-- @AfterTest at -->
  <testcase classname="Generic_Utilities.BaseClass" name="@AfterTest at" time="0.0">
    <ignored/>
  </testcase> <!-- @AfterTest at -->
</testsuite> <!-- Test -->
